2025 02 07	10:05:44	df218811-3fb5-40ed-ac9a-04e62e67aad3	undefined: ETIMEOUT	 querySrv	_mongodb._tcp.cluster0.n0kay20.mongodb.net
2025 02 08	12:06:05	b8f87c09-f4a4-4752-81dd-ccf361e8c6de	undefined: ETIMEOUT	 querySrv	_mongodb._tcp.cluster0.n0kay20.mongodb.net
2025 02 08	12:08:08	b7944019-7028-41f7-8289-174fe38d926c	undefined: ETIMEOUT	 querySrv	_mongodb._tcp.cluster0.n0kay20.mongodb.net
2025 02 08	13:48:09	9afea574-e78d-4e67-9416-b5f26eef1348	undefined: ETIMEOUT	 querySrv	_mongodb._tcp.cluster0.n0kay20.mongodb.net
2025 02 08	13:49:10	71c21651-2d85-4251-8803-f3e923155cae	undefined: ETIMEOUT	 querySrv	_mongodb._tcp.cluster0.n0kay20.mongodb.net
2025 02 08	13:50:33	2a34fb99-ebff-4ffe-a4ca-1b18cb45be2c	undefined: ETIMEOUT	 querySrv	_mongodb._tcp.cluster0.n0kay20.mongodb.net
2025 02 08	16:03:11	b966a6f1-fc44-4711-9a63-c5475981d17e	undefined: ECONNREFUSED	 querySrv	_mongodb._tcp.cluster0.n0kay20.mongodb.net
2025 02 12	08:01:16	ba84cc9a-1350-4d69-8ba8-b87e4211c795	undefined: ETIMEOUT	 querySrv	_mongodb._tcp.cluster0.n0kay20.mongodb.net
2025 03 25	12:06:50	298da991-a21a-48e5-b995-466a40e2f2e1	undefined: ECONNREFUSED	 querySrv	_mongodb._tcp.cluster0.n0kay20.mongodb.net
2025 03 29	21:09:22	53e68b89-c328-41b2-be90-06cf54860a38	undefined: undefined	 undefined	undefined
2025 03 29	21:14:30	998f08b7-a875-4a9a-ad49-7b10b156cd3a	undefined: undefined	 undefined	undefined
2025 04 05	11:21:24	ba2e9be9-c60f-4dcc-b2ce-8429cd81bd8a	undefined: ECONNREFUSED	 querySrv	_mongodb._tcp.cluster0.n0kay20.mongodb.net
2025 04 05	11:24:02	4055cca9-ad81-474c-80ed-c2dbed9a7897	undefined: ECONNREFUSED	 querySrv	_mongodb._tcp.cluster0.n0kay20.mongodb.net
2025 04 10	12:39:22	043f9e80-27b6-4d2a-a07a-518e5c1fcd04	undefined: ECONNREFUSED	 querySrv	_mongodb._tcp.cluster0.n0kay20.mongodb.net
2025 04 12	12:43:38	ffe87773-ae01-4379-a75e-820ffdccdcad	undefined: ECONNREFUSED	 querySrv	_mongodb._tcp.cluster0.n0kay20.mongodb.net
2025 04 13	13:38:28	73336e30-b144-4321-b08a-a89b7c94e40a	undefined: ECONNREFUSED	 querySrv	_mongodb._tcp.cluster0.n0kay20.mongodb.net
2025 05 01	18:39:47	7e43f58c-61b6-4c94-a214-f36b7b4824b4	undefined: ECONNREFUSED	 querySrv	_mongodb._tcp.cluster0.n0kay20.mongodb.net
2025 05 01	18:40:07	1a93eb2d-441e-4faf-ac64-99f0ae1205bc	undefined: ECONNREFUSED	 querySrv	_mongodb._tcp.cluster0.n0kay20.mongodb.net
2025 05 01	18:40:09	e03291f1-fe5a-4898-8539-59e621783699	undefined: ECONNREFUSED	 querySrv	_mongodb._tcp.cluster0.n0kay20.mongodb.net
2025 05 01	22:10:34	8ed8d68e-cdf6-49c1-8e48-7c59f55a2098	undefined: ECONNREFUSED	 querySrv	_mongodb._tcp.cluster0.n0kay20.mongodb.net
2025 05 04	13:11:11	32c9d0ac-370a-4bdc-8f05-c81ba2028146	undefined: ECONNREFUSED	 querySrv	_mongodb._tcp.cluster0.n0kay20.mongodb.net
2025 05 28	20:34:54	d0a30971-4943-4fe3-aebc-7bd58842d30b	undefined: ECONNREFUSED	 querySrv	_mongodb._tcp.cluster0.n0kay20.mongodb.net
2025 05 29	21:28:53	539c2ad5-ced4-4a37-ba9c-97847a6d1345	undefined: ECONNREFUSED	 querySrv	_mongodb._tcp.cluster0.n0kay20.mongodb.net
2025 05 30	10:13:35	c7ab168d-122f-4e91-b5bb-ef9188310983	undefined: undefined	 undefined	undefined
2025 06 03	21:11:00	529b5c4c-aeec-485f-9ee1-b7db010d3f33	undefined: ECONNREFUSED	 querySrv	_mongodb._tcp.cluster0.n0kay20.mongodb.net
2025 06 03	21:11:59	182ac8f2-7fba-43e5-a009-8e525d7e8d74	undefined: ECONNREFUSED	 querySrv	_mongodb._tcp.cluster0.n0kay20.mongodb.net
2025 06 03	21:12:21	500e1cf6-50cc-4c7b-8523-dd4c9c1ac220	undefined: ECONNREFUSED	 querySrv	_mongodb._tcp.cluster0.n0kay20.mongodb.net
2025 06 03	21:12:41	866e7b09-67e4-48c2-9714-a4fefb95c4c5	undefined: ECONNREFUSED	 querySrv	_mongodb._tcp.cluster0.n0kay20.mongodb.net
2025 06 07	23:06:06	d9d22521-0417-4312-aae8-214671d3adfe	undefined: undefined	 undefined	undefined
2025 06 11	21:12:58	19f04d79-badc-4c65-861c-e82c8c8ac57b	undefined: ECONNREFUSED	 querySrv	_mongodb._tcp.cluster0.n0kay20.mongodb.net
2025 06 16	21:46:48	0a14e9ff-6c29-4abc-84f2-ca681f5fe8f9	undefined: ECONNREFUSED	 querySrv	_mongodb._tcp.cluster0.n0kay20.mongodb.net
2025 07 14	20:38:02	6ceb7002-0109-4d3e-873d-98211aef3aaa	undefined: ECONNREFUSED	 querySrv	_mongodb._tcp.cluster0.n0kay20.mongodb.net
2025 07 16	21:37:51	8315c705-6752-4009-b3f0-b5927e56d187	undefined: ECONNREFUSED	 querySrv	_mongodb._tcp.cluster0.n0kay20.mongodb.net
2025 07 24	21:19:02	ca2de95a-9d51-4df0-8e26-8cb5dbf881f3	undefined: ECONNREFUSED	 querySrv	_mongodb._tcp.cluster0.n0kay20.mongodb.net
2025 07 30	21:48:16	6d53a94c-f174-42c3-9bd8-b27a838b5d39	undefined: ECONNREFUSED	 querySrv	_mongodb._tcp.cluster0.n0kay20.mongodb.net
2025 07 30	21:49:49	13c6edb9-7b06-46bf-9279-bdab57017e5e	undefined: ECONNREFUSED	 querySrv	_mongodb._tcp.cluster0.n0kay20.mongodb.net
2025 07 30	21:50:08	c5b651d4-6086-4b03-8c01-f5eb1f1c2d2f	undefined: EREFUSED	 querySrv	_mongodb._tcp.cluster0.n0kay20.mongodb.net
2025 07 30	21:50:16	106e1a2f-e15d-41d1-99fe-65574c6d7d2f	undefined: EREFUSED	 querySrv	_mongodb._tcp.cluster0.n0kay20.mongodb.net
2025 07 30	21:51:37	99b671f6-2355-4e28-b900-81c16c805e70	undefined: EREFUSED	 querySrv	_mongodb._tcp.cluster0.n0kay20.mongodb.net
2025 07 30	21:52:32	594484a7-144d-4286-b053-4c399ef212f4	undefined: EREFUSED	 querySrv	_mongodb._tcp.cluster0.n0kay20.mongodb.net
2025 07 30	21:54:40	0e09a8f1-9975-4927-8ae3-19994217ed25	undefined: EREFUSED	 querySrv	_mongodb._tcp.cluster0.n0kay20.mongodb.net
2025 07 30	21:54:44	d5cc40e3-51f9-40f9-b9e7-e765d6002bd1	undefined: EREFUSED	 querySrv	_mongodb._tcp.cluster0.n0kay20.mongodb.net
2025 07 30	21:55:01	45aa4563-37ae-40e2-9a67-4718bb62c310	undefined: EREFUSED	 querySrv	_mongodb._tcp.cluster0.n0kay20.mongodb.net
2025 07 30	21:55:41	02f3932a-0c35-4f4e-bb2b-cf635b388057	undefined: EREFUSED	 querySrv	_mongodb._tcp.cluster0.n0kay20.mongodb.net
2025 07 30	21:58:39	c78a2973-6e41-4197-8955-5e6740b6a0ac	undefined: ECONNREFUSED	 querySrv	_mongodb._tcp.cluster0.n0kay20.mongodb.net
2025 07 30	21:59:15	30dcb9e5-000d-4b9c-8a45-a1dd8a1299ec	undefined: EREFUSED	 querySrv	_mongodb._tcp.cluster0.n0kay20.mongodb.net
2025 08 05	18:29:17	75641f10-a099-4eca-a5e0-746b194a7f08	undefined: ECONNREFUSED	 querySrv	_mongodb._tcp.cluster0.n0kay20.mongodb.net
2025 08 06	22:52:24	10b085cc-8070-4ea9-8a37-9a08b2c3ee0c	undefined: ECONNREFUSED	 querySrv	_mongodb._tcp.cluster0.n0kay20.mongodb.net
2025 08 11	20:30:53	65b027ff-3b94-411f-915d-56ed950608f9	undefined: ECONNREFUSED	 querySrv	_mongodb._tcp.cluster0.n0kay20.mongodb.net
2025 08 12	18:48:48	4d1fb113-403f-4399-ac8f-bb4f48262803	undefined: ECONNREFUSED	 querySrv	_mongodb._tcp.cluster0.n0kay20.mongodb.net
2025 08 18	15:49:44	940fd6db-0b9e-4d9a-aa63-b06a7a38ab2a	undefined: ECONNREFUSED	 querySrv	_mongodb._tcp.cluster0.n0kay20.mongodb.net
2025 08 18	18:39:16	3b774070-142c-4578-852f-7c1804d9801a	undefined: ECONNREFUSED	 querySrv	_mongodb._tcp.cluster0.n0kay20.mongodb.net
2025 08 18	18:41:07	81f380db-0bab-4840-9ac7-7ab2d1808a1c	undefined: ECONNREFUSED	 querySrv	_mongodb._tcp.cluster0.n0kay20.mongodb.net
2025 08 20	21:01:44	2f846fca-f6f2-41d0-bc35-8c4b68ad584d	undefined: ECONNREFUSED	 querySrv	_mongodb._tcp.cluster0.n0kay20.mongodb.net
2025 08 20	21:02:20	a0f04a2d-5d60-4e02-8e64-8d5d5d4337a3	undefined: ECONNREFUSED	 querySrv	_mongodb._tcp.cluster0.n0kay20.mongodb.net
2025 08 21	16:51:19	a8f35cf8-8195-4e5d-b010-fefd77a1dda1	undefined: ECONNREFUSED	 querySrv	_mongodb._tcp.cluster0.n0kay20.mongodb.net
2025 08 26	23:21:20	804a80b7-23c3-4afc-bf57-0600e62fa75a	undefined: ECONNREFUSED	 querySrv	_mongodb._tcp.cluster0.n0kay20.mongodb.net
2025 08 27	23:13:05	877a15cc-b40a-4d03-89bf-375f944f3b4a	undefined: ECONNREFUSED	 querySrv	_mongodb._tcp.cluster0.n0kay20.mongodb.net
2025 09 01	14:37:41	7e851ecc-3b59-4b29-b1a3-425f5357a2c9	undefined: ECONNREFUSED	 querySrv	_mongodb._tcp.cluster0.n0kay20.mongodb.net
2025 09 01	21:24:13	39360e33-b1dc-4a91-b92d-ca626740eb2d	undefined: ECONNREFUSED	 querySrv	_mongodb._tcp.cluster0.n0kay20.mongodb.net
2025 09 23	20:07:25	bb5778aa-4b43-4152-bd21-7e6a171a959b	undefined: ECONNREFUSED	 querySrv	_mongodb._tcp.cluster0.n0kay20.mongodb.net
2025 10 14	21:47:00	af30c82a-3b2e-4283-b44c-883824a05c98	undefined: ECONNREFUSED	 querySrv	_mongodb._tcp.cluster0.n0kay20.mongodb.net
2025 10 14	21:50:02	0cbebfd6-ec27-412a-a9f4-6be24f0425e7	undefined: ECONNREFUSED	 querySrv	_mongodb._tcp.cluster0.n0kay20.mongodb.net
2025 10 21	20:40:11	9758d296-2fdb-4d6e-b23a-473e0ba32d87	undefined: ECONNREFUSED	 querySrv	_mongodb._tcp.cluster0.n0kay20.mongodb.net
2025 10 21	21:13:39	c4a762fe-96b1-4132-a69c-bf6217282032	undefined: ECONNREFUSED	 querySrv	_mongodb._tcp.cluster0.n0kay20.mongodb.net
2025 10 21	21:13:49	3b420860-f3e3-441e-8a35-520c1e14a293	undefined: ECONNREFUSED	 querySrv	_mongodb._tcp.cluster0.n0kay20.mongodb.net
2025 10 21	21:14:39	a821dfd9-d464-421d-99de-0cc72174acad	undefined: ECONNREFUSED	 querySrv	_mongodb._tcp.cluster0.n0kay20.mongodb.net
2025 11 11	21:45:07	d2bb1248-8ec5-4bf6-953e-b4fed658c588	undefined: ECONNREFUSED	 querySrv	_mongodb._tcp.cluster0.n0kay20.mongodb.net
2025 11 12	21:43:55	c8c010a1-5658-4f85-aade-3680a9bbe1e2	undefined: ECONNREFUSED	 querySrv	_mongodb._tcp.cluster0.n0kay20.mongodb.net
2025 11 19	21:38:23	ade2c305-40a9-44c3-9197-934fcb212dc9	undefined: ECONNREFUSED	 querySrv	_mongodb._tcp.cluster0.n0kay20.mongodb.net
2025 11 19	21:56:49	baf36e4d-a13c-4232-bc45-c5236ac68fdb	undefined: ECONNREFUSED	 querySrv	_mongodb._tcp.cluster0.n0kay20.mongodb.net
2025 12 17	22:08:05	e3494dc5-f390-4a66-8096-9ba6d0560f15	undefined: ECONNREFUSED	 querySrv	_mongodb._tcp.cluster0.n0kay20.mongodb.net
2025 12 18	22:20:15	1a6a8940-1b2e-49fa-8aa9-f36851d6e0bb	undefined: ECONNREFUSED	 querySrv	_mongodb._tcp.cluster0.n0kay20.mongodb.net
2026 01 11	13:03:29	bf4b2c10-779a-413a-8621-ce6592030c0e	undefined: ETIMEOUT	 querySrv	_mongodb._tcp.cluster0.n0kay20.mongodb.net
2026 01 13	17:30:08	53349b0e-1f60-450d-8d85-b8923caae4b2	undefined: ECONNREFUSED	 querySrv	_mongodb._tcp.cluster0.n0kay20.mongodb.net
2026 01 20	22:13:17	99fca9c7-dae8-4da9-a8a7-ed315e0072ac	undefined: ECONNREFUSED	 querySrv	_mongodb._tcp.cluster0.n0kay20.mongodb.net
2026 01 21	21:38:43	bd799e21-72c9-4deb-89dd-704a4536a6ae	undefined: ECONNREFUSED	 querySrv	_mongodb._tcp.cluster0.n0kay20.mongodb.net
2026 01 26	19:29:38	f597313d-a1d1-4a4a-8b6a-83b0a8b1798d	undefined: ECONNREFUSED	 querySrv	_mongodb._tcp.cluster0.n0kay20.mongodb.net
